<?xml version="1.0" encoding="UTF-8"?>
<!-- Generated by org.testng.reporters.JUnitReportReporter -->
<testsuite hostname="KDC1-L-13376NH" failures="0" tests="1" name="qa.tests.GETRequest" time="3.779" errors="0" timestamp="2024-07-23T20:09:19 IST" skipped="0">
  <testcase classname="qa.tests.GETRequest" name="callGET" time="3.779"/>
</testsuite> <!-- qa.tests.GETRequest -->
